womensstudies.pdf ORPHAN-LINK
vgs-letter-template.docx ORPHAN-LINK
values-clarification-exercise.pdf ORPHAN-LINK
UW-Madison-Rescuing-Research-May.pdf ORPHAN-LINK
um-ca-alliance-participant-guide.pdf ORPHAN-LINK
U-of-Michigan-BEST-Program-Summaries.pdf ORPHAN-LINK
training_awards.pdf ORPHAN-LINK
test.pdf ORPHAN-LINK
sweetland-writing-630-application-w12.pdf ORPHAN-LINK
supplemental-block-grants-job-description-sample-template.dotx ORPHAN-LINK
student-mentoring-handbook.pdf https://rackham.umich.edu/about/strategic-vision
SSW-DEI-GSSA-Position.pdf ORPHAN-LINK
SSE-Rackham-Funding.pdf ORPHAN-LINK
srop-info.pdf ORPHAN-LINK
srop-application-process-guidelines.pdf ORPHAN-LINK
sofappl_20070501.doc ORPHAN-LINK
sofappl_20070501.pdf ORPHAN-LINK
sloan-guide.pdf ORPHAN-LINK
slavic.pdf ORPHAN-LINK
sitemap.xml ORPHAN-LINK
SignNow-Basics-Rackham.pdf ORPHAN-LINK
SciPhDFlyer.pdf ORPHAN-LINK
Science-2014-Polka-Krukenberg.pdf ORPHAN-LINK
SafetyFlier.pdf ORPHAN-LINK
sacnas.pdf ORPHAN-LINK
rmfGuide.pdf ORPHAN-LINK
riw-proposed-budget.xlsx ORPHAN-LINK
riw-itemized-budget-report.xlsx ORPHAN-LINK
riw-itemized-budget-report.new.xlsx ORPHAN-LINK
rira-project-expense-sheet.xls ORPHAN-LINK
resourcefair.pdf ORPHAN-LINK
Requesting_Relevant_Masters_Dept_Process.pdf ORPHAN-LINK
Requesting%20Relevant%20Masters%20Dept%20Process.pdf ORPHAN-LINK
regprecand.through2005.pdf ORPHAN-LINK
regprecand.10.08.pdf ORPHAN-LINK
regcand.through2005.pdf ORPHAN-LINK
regcand.10.08.pdf ORPHAN-LINK
recruitment-quick-tips.pdf ORPHAN-LINK
rdo-reasonable-accommodation-request-form-for-graduate-students.pdf ORPHAN-LINK
rdo-reasonable-accommodation-reporting-form.pdf ORPHAN-LINK
rdo-health-care-provider-release-form.pdf ORPHAN-LINK
rdo-central-accommodation-fund-request-form.pdf ORPHAN-LINK
Rack_Need_Based_Require-form.pdf ORPHAN-LINK
rackham-institutional-research-exit-survey-2015.pdf ORPHAN-LINK
rackham-diversity-forum-12082015.pdf ORPHAN-LINK
rackham-diversity-forum-02242016.pdf ORPHAN-LINK
rackham-dei-strategic-plan.pdf ORPHAN-LINK
rackham-dei-strategic-plan-y2-update.pdf ORPHAN-LINK
rackham-dda-2014.pdf ORPHAN-LINK
rackham-communication-for-extended-time-to-degree.pdf https://rackham.umich.edu/COVID-19
rackham-building.pdf ORPHAN-LINK
rackham-and-signnow.pdf ORPHAN-LINK
rackham-admissions-manual.pdf ORPHAN-LINK
QUICK%20LIST%20OF%20RESPONSIBILITIES%20FOR%20THE.pdf ORPHAN-LINK
AcademicIntegrity.pdf ORPHAN-LINK
Predoc_16_Digital.pdf ORPHAN-LINK
Predoc15_Single_Pages.pdf ORPHAN-LINK
Predoc-2017.pdf ORPHAN-LINK
Predoc-18.pdf ORPHAN-LINK
Pre-semester%20checklist.pdf ORPHAN-LINK
VSAPP.pdf ORPHAN-LINK
postcards.pdf ORPHAN-LINK
Parent_Accomm_vs_LOA_Family.pdf ORPHAN-LINK
OPFA-evaluation-rubric.pdf ORPHAN-LINK
oard-view-your-committee.pdf ORPHAN-LINK
oard-term-withdrawal-checklist.pdf ORPHAN-LINK
oard-special-membership-on-committee-form.pdf ORPHAN-LINK
oard-sidp-iidp-application.pdf ORPHAN-LINK
oard-relevant-masters-dma-tip-sheet.pdf ORPHAN-LINK
oard-reinstatement-checklist.pdf ORPHAN-LINK
oard-registration-adjustment.pdf ORPHAN-LINK
oard-post-defense-meeting-registration.pdf ORPHAN-LINK
oard-performance-conducting.pdf ORPHAN-LINK
oard-nugs-election-form.pdf ORPHAN-LINK
oard-music-performance-conducting-packet.pdf ORPHAN-LINK
oard-music-composition-packet.pdf ORPHAN-LINK
oard-masters-quicklist.pdf ORPHAN-LINK
oard-graduation-application-corrections-tip-sheet.pdf ORPHAN-LINK
oard-extramural-study-information-and-checklist.pdf ORPHAN-LINK
oard-dual-joint-6012-election-form.pdf ORPHAN-LINK
oard-dual-joint-6010-election-form.pdf ORPHAN-LINK
oard-dissertation-timeline.pdf ORPHAN-LINK
oard-dissertation-research-writing-dma.pdf ORPHAN-LINK
oard-dissertation-committee-worksheet.pdf ORPHAN-LINK
oard-dissertation-committee-form.pdf ORPHAN-LINK
oard-departmental-degree-clearance.pdf ORPHAN-LINK
oard-committee-chart.pdf ORPHAN-LINK
oard-candidacy-dma-form.pdf ORPHAN-LINK
oard-apply-for-graduation-in-wolverine-access.pdf ORPHAN-LINK
oard-amdp-election-form.pdf https://rackham.umich.edu/programs-of-study/dual-degree-programs
nrc-postdoc-report-dec-2014.pdf ORPHAN-LINK
nrc-assignment.xls ORPHAN-LINK
nrc-assignment.pdf ORPHAN-LINK
nj7504-303a.pdf ORPHAN-LINK
New_Graduate_Student_Orientation.pptx ORPHAN-LINK
New_Graduate_Student_Orientation.pdf ORPHAN-LINK
mph-2016-winter-immersives-flyer.pdf ORPHAN-LINK
Most_Common_Format_Errors.pdf ORPHAN-LINK
mostcommonformaterrors.pdf ORPHAN-LINK
more-workshop-presentation.pdf ORPHAN-LINK
more-mentoring-plan-example-3.pdf ORPHAN-LINK
more-mentoring-plan-example-3.docx ORPHAN-LINK
more-mentoring-plan-example-2.pdf ORPHAN-LINK
more-mentoring-plan-example-2.docx ORPHAN-LINK
more-mentoring-plan-example-2.doc ORPHAN-LINK
more-mentoring-plan-example-1.pdf ORPHAN-LINK
more-mentoring-plan-example-1.docx ORPHAN-LINK
more-mentoring-guide-for-proteges.pdf ORPHAN-LINK
more-mentoring-guide-for-mentors.pdf ORPHAN-LINK
more-grad-chairs-director-workshop-presentation-fall-2013.pdf ORPHAN-LINK
more-brochure.pdf ORPHAN-LINK
more-brochure-2013.pdf ORPHAN-LINK
mm-2011-the-role-of-art-making.pdf ORPHAN-LINK
mm-2010-interdisciplinary-science-of-consumption.pdf ORPHAN-LINK
migsapp.pdf https://rackham.umich.edu/admissions/non-degree-and-guest
michigan-meetings-title-ix-at-forty-white-paper.pdf ORPHAN-LINK
michigan-meetings-ecc-2012-poster.pdf ORPHAN-LINK
mental-health-task-force-report-july-2020.pdf https://rackham.umich.edu/about/strategic-vision
Mellon_dissertation_seminar_2011.pdf ORPHAN-LINK
Mellon-GSRA-Position.pdf ORPHAN-LINK
SGPE_TransitioningPoints_Final2021.pdf ORPHAN-LINK
MDES_Two_Pager_2022.pdf ORPHAN-LINK
MDES_Two_Pager_2020.pdf ORPHAN-LINK
MDES_Two_Pager_2019.pdf ORPHAN-LINK
2020%20Results%20Wellbeing%20Report.pdf ORPHAN-LINK
2020%20Results%20International%20Students%20Report.pdf ORPHAN-LINK
2020%20Results%20Housing.pdf ORPHAN-LINK
2020%20Results%20Housing%20Report.pdf ORPHAN-LINK
2019%20Results%20Wellbeing%20Report.pdf ORPHAN-LINK
2019%20Results%20International%20Students%20Report.pdf ORPHAN-LINK
2019%20Results%20Housing.pdf ORPHAN-LINK
2019%20Results%20Housing%20Report.pdf ORPHAN-LINK
2018%20Results%20International%20Students%20Report.pdf ORPHAN-LINK
2018%20Results%20Housing.pdf ORPHAN-LINK
2018%20Results%20Housing%20Report.pdf ORPHAN-LINK
2017%20Results%20International%20Students%20Report.pdf ORPHAN-LINK
2017%20Results%20Housing.pdf ORPHAN-LINK
2017%20Results%20Housing%20Report.pdf ORPHAN-LINK
10-1108_SGPE-05-2019-0053.pdf ORPHAN-LINK
math.pdf ORPHAN-LINK
Masters_Quicklist.pdf ORPHAN-LINK
LOA_Return_Student_Checklist.pdf ORPHAN-LINK
LOA_Return_Program_Checklist.pdf https://rackham.umich.edu/navigating-your-degree/leave-of-absence
LOA_Return_Flow_Chart.pdf ORPHAN-LINK
LOA_Medical_RET.pdf ORPHAN-LINK
LOA_Medical_REQ.pdf ORPHAN-LINK
LOA_Medical_Reinstatement.pdf ORPHAN-LINK
LOA_Instructions_Students.pdf https://rackham.umich.edu/navigating-your-degree/leave-of-absence
LOA_Instructions_Grad_Chair.pdf https://rackham.umich.edu/navigating-your-degree/leave-of-absence
LOA_Initial_Student_Checklist.pdf https://rackham.umich.edu/navigating-your-degree/leave-of-absence
LOA_Initial_Program_Checklist.pdf https://rackham.umich.edu/navigating-your-degree/leave-of-absence
LOA_Flow_Chart.pdf ORPHAN-LINK
LOA_4_types.pdf ORPHAN-LINK
leave-of-absence-talking-points-grad-chairs.pdf https://rackham.umich.edu/navigating-your-degree/leave-of-absence
how-to-mentor-graduate-students.pdf https://rackham.umich.edu/about/strategic-vision
HollingerPostscript.pdf ORPHAN-LINK
Hollinger.pdf ORPHAN-LINK
helping_hands_info.pdf ORPHAN-LINK
guide_to_statistical_analysis_employed_in_the_nrc_assessment.pdf ORPHAN-LINK
gss-rackham-recruitment-funding.pdf ORPHAN-LINK
tips.pdf ORPHAN-LINK
sropfac.pdf ORPHAN-LINK
srop-inf.doc ORPHAN-LINK
sical.pdf ORPHAN-LINK
sical.doc ORPHAN-LINK
si.doc ORPHAN-LINK
RecruitFundingRequestFY09.pdf ORPHAN-LINK
RackhamRecruitmentFundingFY11.pdf ORPHAN-LINK
quicktips.pdf ORPHAN-LINK
quicklist.pdf ORPHAN-LINK
prep.pdf ORPHAN-LINK
intfac.pdf ORPHAN-LINK
INTFAC.doc ORPHAN-LINK
instr.pdf ORPHAN-LINK
fundingrequest.pdf ORPHAN-LINK
folder.pdf ORPHAN-LINK
flyer.pdf ORPHAN-LINK
faculty-recruiting.pdf ORPHAN-LINK
entry.doc ORPHAN-LINK
doctoral_degree_completion_carter.pdf ORPHAN-LINK
discover_the_michigan_difference.pdf ORPHAN-LINK
brochure.pdf ORPHAN-LINK
bouchet_fact_sheet.pdf ORPHAN-LINK
bouchet_charter_document.pdf ORPHAN-LINK
bouchet_application_information.pdf ORPHAN-LINK
bouchet_application.pdf ORPHAN-LINK
app-e.pdf ORPHAN-LINK
app-d.pdf ORPHAN-LINK
app-c.pdf ORPHAN-LINK
app-b.pdf ORPHAN-LINK
app-a.pdf ORPHAN-LINK
apgs_2008_agenda.pdf ORPHAN-LINK
99SIMEMO.doc ORPHAN-LINK
voices_guide.pdf ORPHAN-LINK
rackhamdivisions.20090414.pdf ORPHAN-LINK
quoteme_guide.pdf ORPHAN-LINK
depr_resource.pdf ORPHAN-LINK
gre-white-paper-brammer-mapp-september-2021.pdf https://rackham.umich.edu/about/strategic-vision/discontinuing-the-use-of-the-gre-in-rackham-phd-admissions-decisions
grad_resources_E-I.pdf ORPHAN-LINK
graduate-student-parental-accommodation-request-form.pdf https://rackham.umich.edu/navigating-your-degree/parental-accommodation-policy
GradAppCorrectionsandDegreeClearance.pdf ORPHAN-LINK
grad-student-disability-accommodation-experiences-umich.pdf https://rackham.umich.edu/about/strategic-vision
GPSAW-Proclamation.pdf ORPHAN-LINK
Gibbs-PLoS-ONE-GenderEthnicity.pdf ORPHAN-LINK
FundingFlyer%20for%208-8.jpg ORPHAN-LINK
2308.pdf ORPHAN-LINK
2306.pdf ORPHAN-LINK
fobgapt-workshop-7-how-to-assess-and-balance-phd-supply-and-demand-now-and-in-the-future.pdf ORPHAN-LINK
fobgapt-workshop-6-funding-models.pdf ORPHAN-LINK
fobgapt-workshop-5-how-to-correct-gender-and-diversity-imbalances.pdf ORPHAN-LINK
fobgapt-workshop-4-career-track-options.pdf ORPHAN-LINK
fobgapt-workshop-3-curricular-reforms.pdf ORPHAN-LINK
fobgapt-workshop-2-new-models-for-training-bioscientists.pdf ORPHAN-LINK
fobgapt-workshop-1-experiential-learning-outside-the-university.pdf ORPHAN-LINK
fellowships-reinstatement-fee-grant-application.pdf ORPHAN-LINK
fellowships-rackham-stipends-monthly-disbursements.pdf ORPHAN-LINK
rmf_nom_instructions.pdf ORPHAN-LINK
rmf-table-of-eligibility.pdf ORPHAN-LINK
2189b.pdf ORPHAN-LINK
2184a.pdf ORPHAN-LINK
2181a.pdf ORPHAN-LINK
nomination_form.pdf ORPHAN-LINK
2431.pdf ORPHAN-LINK
2416.pdf ORPHAN-LINK
2410.pdf ORPHAN-LINK
2409b.pdf ORPHAN-LINK
2331.pdf ORPHAN-LINK
2256.pdf ORPHAN-LINK
2150.pdf ORPHAN-LINK
2124.pdf ORPHAN-LINK
2114.pdf ORPHAN-LINK
2112.pdf ORPHAN-LINK
2111b.pdf ORPHAN-LINK
2111.pdf ORPHAN-LINK
Fall-Welcome-Information-Fair.pdf ORPHAN-LINK
faculty_ally_grants.pdf ORPHAN-LINK
CAGuide.pdf ORPHAN-LINK
extramural-study-policy-rev031510.pdf ORPHAN-LINK
extramural-study-information-and-checklist.pdf ORPHAN-LINK
Example_Reentry_plan.doc ORPHAN-LINK
chemical_biology_talking_points.pdf ORPHAN-LINK
psychology_student_info_template.pdf ORPHAN-LINK
msi_primary_recruitment_activities_0708.pdf ORPHAN-LINK
MSE790.pdf ORPHAN-LINK
macromolecular_science_and_engineering.pdf ORPHAN-LINK
linguistics_graduate_student_progress_report.pdf ORPHAN-LINK
immunology_summary_report_on_lab_winter_2008.pdf ORPHAN-LINK
immunology_email_request.pdf ORPHAN-LINK
guiding_principles_between_postdoctoral_appointees_and_thier_mentors.pdf ORPHAN-LINK
guidelines_for_leading_journal_club_discussion.pdf ORPHAN-LINK
evidence-based-strategies-for-overcoming-imposter-syndrome.pdf ORPHAN-LINK
eeb.pdf ORPHAN-LINK
e09305.full.pdf ORPHAN-LINK
DZL-Printed-Application-2020-2021.doc ORPHAN-LINK
DZL-Application-Checklist.docx ORPHAN-LINK
DZL-Application-Checklist.doc ORPHAN-LINK
Diss_in_digital_world_readings.pdf ORPHAN-LINK
DissertationWritingGroupApplicationF15.docx ORPHAN-LINK
Dissertation-Formatting-Checklist.pdf ORPHAN-LINK
Dev_Web_Reply.pdf ORPHAN-LINK
Detroit-Zoo-Fellowship.pdf ORPHAN-LINK
shortfallrequest.xls ORPHAN-LINK
compare_current_practices.pdf ORPHAN-LINK
2009CGS-UMIAwards.pdf ORPHAN-LINK
DDAProgram2016.pdf ORPHAN-LINK
DDA2015.pdf ORPHAN-LINK
DDA-Program-2017.pdf ORPHAN-LINK
dda-program-2010-11.pdf ORPHAN-LINK
Dance-Dialogue.pdf ORPHAN-LINK
crees.pdf ORPHAN-LINK
cpp-qt-recruiting-for-diversity-masters.pdf ORPHAN-LINK
cpp-qt-professional-development.pdf ORPHAN-LINK
cpp-qt-orientation.pdf ORPHAN-LINK
cpp-qt-mentoring.pdf ORPHAN-LINK
cpp-qt-building-community.pdf ORPHAN-LINK
cpp-qt-annual-review.pdf ORPHAN-LINK
complit.pdf ORPHAN-LINK
Circle_of_Recruitment_Toolkit.pdf ORPHAN-LINK
chemistry.pdf ORPHAN-LINK
ce_support_services.pdf ORPHAN-LINK
ce_reinstatement.pdf ORPHAN-LINK
ce_parental_accommodation_vs_loa_family.pdf ORPHAN-LINK
CE_other_universities.pdf ORPHAN-LINK
ce_before_and_after.pdf ORPHAN-LINK
ce-support-services.pdf ORPHAN-LINK
ce-summary-reference-july2010.pdf ORPHAN-LINK
ce-summary-reference-april2010.pdf ORPHAN-LINK
ce-parental-accommodation-leave-of-absence-comparison.pdf ORPHAN-LINK
ce-fait-recommendations.pdf ORPHAN-LINK
ce-different-phd-statuses.pdf ORPHAN-LINK
Taubman_College.pdf ORPHAN-LINK
School_of_Social_Work.pdf ORPHAN-LINK
School_of_Public_Health.pdf ORPHAN-LINK
School_of_Nursing.pdf ORPHAN-LINK
School_of_Music_Theatre_Dance.pdf ORPHAN-LINK
School_of_Kinesiology.pdf ORPHAN-LINK
School_of_Information.pdf ORPHAN-LINK
School_of_Education.pdf ORPHAN-LINK
School_of_Dentistry.pdf ORPHAN-LINK
Ross_School_of_Business.pdf ORPHAN-LINK
Natural_Resources_and_Environment.pdf ORPHAN-LINK
Medical_School.pdf ORPHAN-LINK
LOA_Return_Student_Checklist_120909.pdf ORPHAN-LINK
LOA_Return_Student_Checklist_120709.pdf ORPHAN-LINK
LOA_Return_Program_Checklist_120909.pdf ORPHAN-LINK
LOA_Return_Program_Checklist_120709.pdf ORPHAN-LINK
LOA_Policy_Statement_120909.pdf ORPHAN-LINK
LOA_Military_v2_120909.pdf ORPHAN-LINK
LOA_Military_v2_112309.pdf ORPHAN-LINK
LOA_Medical_v3_120909.pdf ORPHAN-LINK
LOA_Medical_v3_120209.pdf ORPHAN-LINK
LOA_Medical_Return_v3_120909.pdf ORPHAN-LINK
LOA_Medical_Return_v3_120209.pdf ORPHAN-LINK
LOA_Initial_Student_Checklist_v3_120909.pdf ORPHAN-LINK
LOA_Initial_Student_Checklist_v3_120709.pdf ORPHAN-LINK
LOA_Initial_Program_Checklist_v3_120909.pdf ORPHAN-LINK
LOA_Initial_Program_Checklist_v3_120709.pdf ORPHAN-LINK
LOA_Family_Dependent_v2_120909.pdf ORPHAN-LINK
LOA_Family_Dependent_v2_112309.pdf ORPHAN-LINK
ford_school.pdf ORPHAN-LINK
Extramural_Study_Status_Information_and_Checklist.pdf ORPHAN-LINK
Extramural_Study_Policy.pdf ORPHAN-LINK
College_of_Pharmacy.pdf ORPHAN-LINK
blog-blogger-guidelines.pdf ORPHAN-LINK
Barbour-Lecture-Professor-Donald-Lopez.pdf ORPHAN-LINK
alumni2010.pdf ORPHAN-LINK
alberts-pnas-20150-feb.pdf ORPHAN-LINK
alberts-et-al-pnas.pdf ORPHAN-LINK
admissions-readmission-2014.pdf ORPHAN-LINK
admissions-paper-recommendation-2014.pdf ORPHAN-LINK
admissions-how-to-find-your-program-in-the-gsi-lsa-summary-report.pdf ORPHAN-LINK
admissions-academic-record-transcript-submission-form-2013.pdf ORPHAN-LINK
WARWICK.PDF ORPHAN-LINK
unclassified_vs_ncfd.pdf ORPHAN-LINK
TSINGNEW.PDF ORPHAN-LINK
TSINGHUA.PDF ORPHAN-LINK
TEHRANEW.PDF ORPHAN-LINK
TEHRAN.PDF ORPHAN-LINK
TAIWAN.PDF ORPHAN-LINK
TAINEW.PDF ORPHAN-LINK
summerguestapp.pdf ORPHAN-LINK
SLOVNEW.PDF ORPHAN-LINK
SLOVAK.PDF ORPHAN-LINK
SINGNEW.PDF ORPHAN-LINK
Singapore.pdf ORPHAN-LINK
SEOULNEW.PDF ORPHAN-LINK
SEOUL.PDF ORPHAN-LINK
RecFormPaper.pdf ORPHAN-LINK
RecAdmis.pdf ORPHAN-LINK
Rack_Need_Based_Require-form.doc ORPHAN-LINK
Rackham_Unclassified_vs_Dept_NCFD.pdf ORPHAN-LINK
PEKING.PDF ORPHAN-LINK
Navigation.pdf ORPHAN-LINK
MADRID.PDF ORPHAN-LINK
MADNEW.PDF ORPHAN-LINK
JESUS.PDF ORPHAN-LINK
INDIA3.PDF ORPHAN-LINK
INDIA2.PDF ORPHAN-LINK
INDIA1.PDF ORPHAN-LINK
index.php ORPHAN-LINK
FUNDING_LETTERS.pdf ORPHAN-LINK
FrequentlyAskedQuestions.pdf ORPHAN-LINK
FRANEW.PDF ORPHAN-LINK
FRANCE.PDF ORPHAN-LINK
Flint_Rackham_Guest_Application.pdf ORPHAN-LINK
FERPA.pdf ORPHAN-LINK
EDUC.PDF ORPHAN-LINK
drbnguest.pdf ORPHAN-LINK
Deadline_Dates.pdf ORPHAN-LINK
D-FGuest.pdf ORPHAN-LINK
CIC-MigsEtc.pdf ORPHAN-LINK
CHINEW.PDF ORPHAN-LINK
CHINANEW.PDF ORPHAN-LINK
CHINA.PDF ORPHAN-LINK
CGS_Resolution06.pdf ORPHAN-LINK
CGS_Resolution.pdf ORPHAN-LINK
Central.pdf ORPHAN-LINK
CENTNEW.PDF ORPHAN-LINK
CANEW.PDF ORPHAN-LINK
CANADA.PDF ORPHAN-LINK
BUDNEW.PDF ORPHAN-LINK
BUDAPEST.PDF ORPHAN-LINK
BEJEGNEW.PDF ORPHAN-LINK
BEIMDNEW.PDF ORPHAN-LINK
BEIJNEW.PDF ORPHAN-LINK
BeijingMed.pdf ORPHAN-LINK
BeijingEng.pdf ORPHAN-LINK
app_process_tips_wkshp06.pdf ORPHAN-LINK
App_process_tips.pdf ORPHAN-LINK
Affidavit_Flint.pdf ORPHAN-LINK
Affidavit_Dearborn.pdf ORPHAN-LINK
academic_record_transcript_submission_form.pdf https://rackham.umich.edu/admissions/applying/transcripts
aaguest.pdf ORPHAN-LINK
4cardsfrm.pdf ORPHAN-LINK
riw_renew2.pdf ORPHAN-LINK
riw_application2.pdf ORPHAN-LINK
CourseMaterials.pdf ORPHAN-LINK
AAU_Institutions.pdf ORPHAN-LINK
4RealTalk_Flyer.pdf ORPHAN-LINK
2015-FASEB-report.pdf ORPHAN-LINK
2015-fall-welcome-info-fair-organizations.pdf ORPHAN-LINK
2015-Daniels-PNAS.pdf ORPHAN-LINK
2014_Orientation%20Resources.pdf ORPHAN-LINK
2014-Trainee-perspective-F1000.pdf ORPHAN-LINK
2014-Rackham-Report.pdf ORPHAN-LINK
2012_RackhamCentennialSymposiumFlyer01.pdf ORPHAN-LINK
2012%20NIH%20Workforce%20Report.pdf ORPHAN-LINK
2009_PreCand_School_CollegeTotals_Detail.pdf ORPHAN-LINK
2009_Cand_School_CollegeTotals_Detail.pdf ORPHAN-LINK
2009-health-and-wellness-survey-respondent-report.pdf ORPHAN-LINK
2008_PreCand_School_CollegeTotals_Detail_20090505.pdf ORPHAN-LINK
2008_PreCand_School_CollegeTotals_Detail.pdf ORPHAN-LINK
2008%20PreCand_School_CollegeTotals_Detail.pdf ORPHAN-LINK
2008%20Cand_School_CollegeTotals_Detail.pdf ORPHAN-LINK
2007TuitionSources.pdf ORPHAN-LINK
2006-health-and-wellness-survey-interesting-findings.pdf ORPHAN-LINK
1977EncyclopedicSurvey.pdf ORPHAN-LINK
1953EncyclopedicSurvey.pdf ORPHAN-LINK
120131_HowToWriteForTheRackhamBlog.pdf ORPHAN-LINK
060208_compare_current_practices.pdf ORPHAN-LINK
